04-Nov-23 17:42:36 - There are no responses to the specified emails search criteria green dot in the inbox
04-Nov-23 17:42:37 - There are no responses to the specified emails search criteria green dot in the outbox
04-Nov-23 17:42:44 - You have email responses to the specified search criteria Your design at CustomPlanet.com in the inbox
04-Nov-23 17:43:18 - You have email responses to the specified search criteria Your design at CustomPlanet.com in the inbox
04-Nov-23 17:43:44 - You have email responses to the specified search criteria Your design at CustomPlanet.com in the outbox
11-Nov-23 14:13:19 - You have email responses to the specified search criteria green dot in the inbox
11-Nov-23 14:13:25 - You have email responses to the specified search criteria green dot in the outbox
12-Nov-23 16:06:51 - You have email responses to the specified search criteria green dot in the inbox
12-Nov-23 16:06:57 - You have email responses to the specified search criteria green dot in the outbox
12-Nov-23 16:46:41 - You have email responses to the specified search criteria green dot in the inbox
12-Nov-23 16:46:46 - You have email responses to the specified search criteria green dot in the outbox
12-Nov-23 16:48:35 - You have email responses to the specified search criteria green dot in the inbox
12-Nov-23 16:48:40 - You have email responses to the specified search criteria green dot in the outbox
12-Nov-23 17:06:47 - You have email responses to the specified search criteria green dot in the inbox
12-Nov-23 17:06:51 - You have email responses to the specified search criteria green dot in the outbox
12-Nov-23 17:09:32 - You have email responses to the specified search criteria green dot in the inbox
12-Nov-23 17:09:36 - You have email responses to the specified search criteria green dot in the outbox
12-Nov-23 17:35:30 - You have email responses to the specified search criteria green dot in the inbox
12-Nov-23 17:35:34 - You have email responses to the specified search criteria green dot in the outbox
12-Nov-23 17:46:55 - You have email responses to the specified search criteria green dot in the inbox
12-Nov-23 17:46:59 - You have email responses to the specified search criteria green dot in the outbox
12-Nov-23 17:47:58 - You have email responses to the specified search criteria green dot in the inbox
12-Nov-23 17:48:02 - You have email responses to the specified search criteria green dot in the outbox
12-Nov-23 17:48:45 - You have email responses to the specified search criteria green dot in the inbox
12-Nov-23 17:48:49 - You have email responses to the specified search criteria green dot in the outbox
12-Nov-23 19:27:57 - You have email responses to the specified search criteria green dot in the inbox
12-Nov-23 19:28:01 - You have email responses to the specified search criteria green dot in the outbox
12-Nov-23 19:28:33 - You have email responses to the specified search criteria green dot in the inbox
12-Nov-23 19:28:37 - You have email responses to the specified search criteria green dot in the outbox
12-Nov-23 19:30:39 - You have email responses to the specified search criteria green dot in the inbox
12-Nov-23 19:30:42 - You have email responses to the specified search criteria green dot in the outbox
12-Nov-23 19:32:49 - You have email responses to the specified search criteria green dot in the inbox
12-Nov-23 19:32:53 - You have email responses to the specified search criteria green dot in the outbox
12-Nov-23 21:11:22 - You have email responses to the specified search criteria green dot in the inbox
12-Nov-23 21:11:26 - You have email responses to the specified search criteria green dot in the outbox
12-Nov-23 21:11:34 - You have email responses to the specified search criteria green dot in the inbox
12-Nov-23 21:11:38 - You have email responses to the specified search criteria green dot in the outbox
12-Nov-23 21:18:22 - You have email responses to the specified search criteria green dot in the inbox
12-Nov-23 21:18:26 - You have email responses to the specified search criteria green dot in the outbox
12-Nov-23 21:23:35 - You have email responses to the specified search criteria green dot in the inbox
12-Nov-23 21:23:38 - You have email responses to the specified search criteria green dot in the outbox
12-Nov-23 21:24:45 - You have email responses to the specified search criteria green dot in the inbox
12-Nov-23 21:24:48 - You have email responses to the specified search criteria green dot in the outbox
12-Nov-23 21:24:59 - You have email responses to the specified search criteria green dot in the inbox
12-Nov-23 21:25:02 - You have email responses to the specified search criteria green dot in the outbox
12-Nov-23 21:25:36 - You have email responses to the specified search criteria green dot in the inbox
12-Nov-23 21:25:40 - You have email responses to the specified search criteria green dot in the outbox
12-Nov-23 21:25:53 - You have email responses to the specified search criteria green dot in the inbox
12-Nov-23 21:25:57 - You have email responses to the specified search criteria green dot in the outbox
12-Nov-23 21:28:02 - You have email responses to the specified search criteria green dot in the inbox
12-Nov-23 21:28:06 - You have email responses to the specified search criteria green dot in the outbox
12-Nov-23 21:36:02 - You have email responses to the specified search criteria green dot in the inbox
12-Nov-23 21:36:06 - You have email responses to the specified search criteria green dot in the outbox
12-Nov-23 21:36:30 - You have email responses to the specified search criteria green dot in the inbox
12-Nov-23 21:36:33 - You have email responses to the specified search criteria green dot in the outbox
12-Nov-23 21:38:46 - You have email responses to the specified search criteria green dot in the inbox
12-Nov-23 21:38:49 - You have email responses to the specified search criteria green dot in the outbox
12-Nov-23 21:39:31 - You have email responses to the specified search criteria green dot in the inbox
12-Nov-23 21:39:35 - You have email responses to the specified search criteria green dot in the outbox
12-Nov-23 21:41:17 - You have email responses to the specified search criteria green dot in the inbox
12-Nov-23 21:41:20 - You have email responses to the specified search criteria green dot in the outbox
12-Nov-23 21:42:04 - You have email responses to the specified search criteria green dot in the inbox
12-Nov-23 21:42:07 - You have email responses to the specified search criteria green dot in the outbox
12-Nov-23 21:42:24 - You have email responses to the specified search criteria green dot in the inbox
12-Nov-23 21:42:28 - You have email responses to the specified search criteria green dot in the outbox
12-Nov-23 21:44:05 - You have email responses to the specified search criteria green dot in the inbox
12-Nov-23 21:44:10 - You have email responses to the specified search criteria green dot in the outbox
12-Nov-23 21:45:24 - You have email responses to the specified search criteria green dot in the inbox
12-Nov-23 21:45:28 - You have email responses to the specified search criteria green dot in the outbox
12-Nov-23 21:51:54 - You have email responses to the specified search criteria green dot in the inbox
12-Nov-23 21:51:58 - You have email responses to the specified search criteria green dot in the outbox
12-Nov-23 21:54:21 - You have email responses to the specified search criteria green dot in the inbox
12-Nov-23 21:54:25 - You have email responses to the specified search criteria green dot in the outbox
13-Nov-23 20:42:23 - You have email responses to the specified search criteria green dot in the inbox
13-Nov-23 20:42:29 - You have email responses to the specified search criteria green dot in the outbox
13-Nov-23 21:17:52 - You have email responses to the specified search criteria green dot in the inbox
13-Nov-23 21:17:58 - You have email responses to the specified search criteria green dot in the outbox
13-Nov-23 21:20:36 - You have email responses to the specified search criteria green dot in the inbox
13-Nov-23 21:20:42 - You have email responses to the specified search criteria green dot in the outbox
13-Nov-23 21:48:05 - You have email responses to the specified search criteria green dot in the inbox
13-Nov-23 21:48:09 - You have email responses to the specified search criteria green dot in the outbox
13-Nov-23 21:48:34 - You have email responses to the specified search criteria green dot in the inbox
13-Nov-23 21:48:37 - You have email responses to the specified search criteria green dot in the outbox
13-Nov-23 21:55:46 - You have email responses to the specified search criteria green dot in the inbox
13-Nov-23 21:55:51 - You have email responses to the specified search criteria green dot in the outbox
13-Nov-23 21:56:30 - You have email responses to the specified search criteria green dot in the inbox
13-Nov-23 21:56:36 - You have email responses to the specified search criteria green dot in the outbox
13-Nov-23 21:57:23 - You have email responses to the specified search criteria green dot in the inbox
13-Nov-23 21:57:27 - You have email responses to the specified search criteria green dot in the outbox
20-Nov-23 10:59:58 - You have email responses to the specified search criteria green dot in the inbox
20-Nov-23 11:00:04 - You have email responses to the specified search criteria green dot in the outbox
20-Nov-23 11:46:52 - You have email responses to the specified search criteria green dot in the inbox
20-Nov-23 11:46:57 - You have email responses to the specified search criteria green dot in the outbox
20-Nov-23 11:48:14 - You have email responses to the specified search criteria green dot in the inbox
20-Nov-23 11:48:19 - You have email responses to the specified search criteria green dot in the outbox
20-Nov-23 11:49:27 - You have email responses to the specified search criteria green dot in the inbox
20-Nov-23 11:49:31 - You have email responses to the specified search criteria green dot in the outbox
20-Nov-23 11:51:04 - You have email responses to the specified search criteria green dot in the inbox
20-Nov-23 11:51:08 - You have email responses to the specified search criteria green dot in the outbox
20-Nov-23 11:51:57 - You have email responses to the specified search criteria green dot in the inbox
20-Nov-23 11:52:02 - You have email responses to the specified search criteria green dot in the outbox
20-Nov-23 11:59:24 - You have email responses to the specified search criteria green dot in the inbox
20-Nov-23 11:59:33 - You have email responses to the specified search criteria green dot in the outbox
20-Nov-23 12:00:46 - You have email responses to the specified search criteria green dot in the inbox
20-Nov-23 12:01:00 - You have email responses to the specified search criteria green dot in the outbox
20-Nov-23 12:18:49 - You have email responses to the specified search criteria green dot in the inbox
20-Nov-23 12:18:53 - You have email responses to the specified search criteria green dot in the outbox
20-Nov-23 12:20:22 - You have email responses to the specified search criteria green dot in the inbox
20-Nov-23 12:20:26 - You have email responses to the specified search criteria green dot in the outbox
20-Nov-23 12:21:03 - You have email responses to the specified search criteria green dot in the inbox
20-Nov-23 12:21:07 - You have email responses to the specified search criteria green dot in the outbox
20-Nov-23 12:22:29 - You have email responses to the specified search criteria green dot in the inbox
20-Nov-23 12:22:33 - You have email responses to the specified search criteria green dot in the outbox
20-Nov-23 12:49:56 - You have email responses to the specified search criteria green dot in the inbox
20-Nov-23 12:50:00 - You have email responses to the specified search criteria green dot in the outbox
20-Nov-23 12:53:02 - You have email responses to the specified search criteria green dot in the inbox
20-Nov-23 12:53:07 - You have email responses to the specified search criteria green dot in the outbox
20-Nov-23 12:58:53 - You have email responses to the specified search criteria green dot in the inbox
20-Nov-23 12:58:57 - You have email responses to the specified search criteria green dot in the outbox
20-Nov-23 13:02:57 - You have email responses to the specified search criteria green dot in the inbox
20-Nov-23 13:03:01 - You have email responses to the specified search criteria green dot in the outbox
26-Nov-23 18:59:19 - You have email responses to the specified search criteria green dot in the inbox
26-Nov-23 18:59:24 - You have email responses to the specified search criteria green dot in the outbox
26-Nov-23 19:01:29 - You have email responses to the specified search criteria green dot in the inbox
26-Nov-23 19:01:35 - You have email responses to the specified search criteria green dot in the outbox
26-Nov-23 19:09:18 - There are no responses to the specified emails search criteria green dot in the inbox
26-Nov-23 19:09:18 - There are no responses to the specified emails search criteria green dot in the outbox
26-Nov-23 19:10:27 - There are no responses to the specified emails search criteria local basketball jerseys in the inbox
26-Nov-23 19:10:28 - You have email responses to the specified search criteria local basketball jerseys in the outbox
26-Nov-23 19:12:13 - There are no responses to the specified emails search criteria local basketball jerseys in the inbox
26-Nov-23 19:12:14 - You have email responses to the specified search criteria local basketball jerseys in the outbox
26-Nov-23 19:47:35 - There are no responses to the specified emails search criteria local basketball jerseys in the inbox
26-Nov-23 19:47:36 - You have email responses to the specified search criteria local basketball jerseys in the outbox
26-Nov-23 19:49:56 - There are no responses to the specified emails search criteria local basketball jerseys in the inbox
26-Nov-23 19:49:59 - You have email responses to the specified search criteria local basketball jerseys in the outbox
26-Nov-23 19:58:18 - There are no responses to the specified emails search criteria local basketball jerseys in the inbox
26-Nov-23 19:58:19 - You have email responses to the specified search criteria local basketball jerseys in the outbox
26-Nov-23 19:59:05 - There are no responses to the specified emails search criteria local basketball jerseys in the inbox
26-Nov-23 19:59:06 - You have email responses to the specified search criteria local basketball jerseys in the outbox
26-Nov-23 20:07:06 - There are no responses to the specified emails search criteria local basketball jerseys in the inbox
26-Nov-23 20:07:07 - You have email responses to the specified search criteria local basketball jerseys in the outbox
26-Nov-23 20:59:38 - There are no responses to the specified emails search criteria local basketball jerseys in the inbox
26-Nov-23 20:59:39 - There are no responses to the specified emails search criteria local basketball jerseys in the inbox
26-Nov-23 21:00:16 - There are no responses to the specified emails search criteria local basketball jerseys in the inbox
26-Nov-23 21:00:17 - There are no responses to the specified emails search criteria local basketball jerseys in the inbox
26-Nov-23 21:00:51 - There are no responses to the specified emails search criteria local basketball jerseys in the inbox
26-Nov-23 21:01:07 - You have email responses to the specified search criteria local basketball jerseys in the outbox
26-Nov-23 21:03:44 - There are no responses to the specified emails search criteria local basketball jerseys in the inbox
26-Nov-23 21:03:45 - There are no responses to the specified emails search criteria local basketball jerseys in the inbox
26-Nov-23 21:03:58 - There are no responses to the specified emails search criteria local basketball jerseys in the inbox
26-Nov-23 21:03:59 - You have email responses to the specified search criteria local basketball jerseys in the outbox
26-Nov-23 21:05:01 - You have email responses to the specified search criteria local basketball jerseys in the outbox
26-Nov-23 22:14:40 - There are no responses to the specified emails search criteria local basketball jerseys in the inbox
26-Nov-23 22:14:41 - You have email responses to the specified search criteria local basketball jerseys in the outbox
26-Nov-23 22:15:22 - There are no responses to the specified emails search criteria local basketball jerseys in the inbox
26-Nov-23 22:15:23 - You have email responses to the specified search criteria local basketball jerseys in the outbox
26-Nov-23 22:17:55 - There are no responses to the specified emails search criteria local basketball jerseys in the inbox
26-Nov-23 22:17:56 - You have email responses to the specified search criteria local basketball jerseys in the outbox
26-Nov-23 22:28:58 - There are no responses to the specified emails search criteria local basketball jerseys in the inbox
26-Nov-23 22:28:59 - You have email responses to the specified search criteria local basketball jerseys in the outbox
27-Nov-23 09:19:23 - There are no responses to the specified emails search criteria local basketball jerseys in the inbox
27-Nov-23 09:19:24 - You have email responses to the specified search criteria local basketball jerseys in the outbox
27-Nov-23 09:30:03 - You have email responses to the specified search criteria local basketball jerseys in the outbox
27-Nov-23 10:57:50 - You have email responses to the specified search criteria local basketball jerseys in the outbox
27-Nov-23 11:49:22 - You have email responses to the specified search criteria your design in the outbox
27-Nov-23 11:56:55 - There are no responses to the specified emails search criteria local basketball jerseys in the inbox
27-Nov-23 11:56:56 - You have email responses to the specified search criteria local basketball jerseys in the outbox
27-Nov-23 12:03:28 - There are no responses to the specified emails search criteria local basketball jerseys in the inbox
27-Nov-23 12:03:29 - You have email responses to the specified search criteria local basketball jerseys in the outbox
27-Nov-23 12:03:37 - There are no responses to the specified emails search criteria local basketball jerseys in the inbox
27-Nov-23 12:03:38 - You have email responses to the specified search criteria local basketball jerseys in the outbox
27-Nov-23 12:04:10 - There are no responses to the specified emails search criteria local basketball jerseys in the inbox
27-Nov-23 12:04:10 - You have email responses to the specified search criteria local basketball jerseys in the outbox
27-Nov-23 12:09:02 - There are no responses to the specified emails search criteria local basketball jerseys in the inbox
27-Nov-23 12:09:03 - You have email responses to the specified search criteria local basketball jerseys in the outbox
27-Nov-23 12:37:36 - You have email responses to the specified search criteria Green Dot in the inbox
27-Nov-23 12:37:43 - You have email responses to the specified search criteria Green Dot in the outbox
27-Nov-23 12:47:28 - There are no responses to the specified emails search criteria Green Dot in the inbox
27-Nov-23 12:47:29 - There are no responses to the specified emails search criteria Green Dot in the outbox
27-Nov-23 12:47:43 - There are no responses to the specified emails search criteria Local Basketball Jerseys in the inbox
27-Nov-23 12:47:44 - You have email responses to the specified search criteria Local Basketball Jerseys in the outbox
27-Nov-23 12:48:27 - There are no responses to the specified emails search criteria Local Basketball Jerseys in the inbox
27-Nov-23 12:48:28 - You have email responses to the specified search criteria Local Basketball Jerseys in the outbox
27-Nov-23 12:50:33 - There are no responses to the specified emails search criteria Local Basketball Jerseys in the inbox
27-Nov-23 12:50:34 - You have email responses to the specified search criteria Local Basketball Jerseys in the outbox
27-Nov-23 12:51:45 - There are no responses to the specified emails search criteria Local Basketball Jerseys in the inbox
27-Nov-23 12:51:46 - You have email responses to the specified search criteria Local Basketball Jerseys in the outbox
27-Nov-23 15:28:00 - There are no responses to the specified emails search criteria Local Basketball Jerseys in the inbox
27-Nov-23 15:28:01 - You have email responses to the specified search criteria Local Basketball Jerseys in the outbox
27-Nov-23 16:08:44 - There are no responses to the specified emails search criteria Local Basketball Jerseys in the inbox
27-Nov-23 16:08:45 - You have email responses to the specified search criteria Local Basketball Jerseys in the outbox
27-Nov-23 16:13:27 - There are no responses to the specified emails search criteria Local Basketball Jerseys in the inbox
27-Nov-23 16:13:28 - You have email responses to the specified search criteria Local Basketball Jerseys in the outbox
27-Nov-23 16:23:27 - There are no responses to the specified emails search criteria Local Basketball Jerseys in the inbox
27-Nov-23 16:23:29 - You have email responses to the specified search criteria Local Basketball Jerseys in the outbox
27-Nov-23 17:07:30 - There are no responses to the specified emails search criteria Local Basketball Jerseys in the inbox
27-Nov-23 17:07:31 - You have email responses to the specified search criteria Local Basketball Jerseys in the outbox
27-Nov-23 17:09:10 - There are no responses to the specified emails search criteria Local Basketball Jerseys in the inbox
27-Nov-23 17:09:12 - You have email responses to the specified search criteria Local Basketball Jerseys in the outbox
27-Nov-23 17:30:17 - There are no responses to the specified emails search criteria Local Basketball Jerseys in the inbox
27-Nov-23 17:30:19 - You have email responses to the specified search criteria Local Basketball Jerseys in the outbox
28-Nov-23 10:28:40 - There are no responses to the specified emails search criteria Local Basketball Jerseys in the inbox
28-Nov-23 10:28:41 - You have email responses to the specified search criteria Local Basketball Jerseys in the outbox
28-Nov-23 10:30:37 - There are no responses to the specified emails search criteria Local Basketball Jerseys in the inbox
28-Nov-23 10:30:38 - You have email responses to the specified search criteria Local Basketball Jerseys in the outbox
28-Nov-23 10:40:24 - There are no responses to the specified emails search criteria Local Basketball Jerseys in the inbox
28-Nov-23 10:40:25 - You have email responses to the specified search criteria Local Basketball Jerseys in the outbox
30-Nov-23 17:54:03 - There are no responses to the specified emails search criteria Local Basketball Jerseys in the inbox
30-Nov-23 17:54:04 - You have email responses to the specified search criteria Local Basketball Jerseys in the outbox
30-Nov-23 18:13:26 - There are no responses to the specified emails search criteria Local Basketball Jerseys in the inbox
30-Nov-23 18:13:27 - You have email responses to the specified search criteria Local Basketball Jerseys in the outbox
30-Nov-23 18:15:11 - There are no responses to the specified emails search criteria Local Basketball Jerseys in the inbox
30-Nov-23 18:15:12 - You have email responses to the specified search criteria Local Basketball Jerseys in the outbox
30-Nov-23 18:16:40 - There are no responses to the specified emails search criteria Local Basketball Jerseys in the inbox
30-Nov-23 18:16:40 - You have email responses to the specified search criteria Local Basketball Jerseys in the outbox
30-Nov-23 18:20:27 - There are no responses to the specified emails search criteria Local Basketball Jerseys in the inbox
30-Nov-23 18:20:27 - You have email responses to the specified search criteria Local Basketball Jerseys in the outbox
30-Nov-23 18:21:17 - There are no responses to the specified emails search criteria Local Basketball Jerseys in the inbox
30-Nov-23 18:21:18 - You have email responses to the specified search criteria Local Basketball Jerseys in the outbox
30-Nov-23 18:24:29 - There are no responses to the specified emails search criteria Local Basketball Jerseys in the inbox
30-Nov-23 18:24:30 - You have email responses to the specified search criteria Local Basketball Jerseys in the outbox
04-Dec-23 10:34:45 - There are no responses to the specified emails search criteria Local Basketball Jerseys in the inbox
04-Dec-23 10:34:46 - You have email responses to the specified search criteria Local Basketball Jerseys in the outbox
04-Dec-23 10:35:20 - There are no responses to the specified emails search criteria Local Basketball Jerseys in the inbox
04-Dec-23 10:35:21 - You have email responses to the specified search criteria Local Basketball Jerseys in the outbox
04-Dec-23 10:42:32 - You have email responses to the specified search criteria Your Design in the inbox
04-Dec-23 10:42:52 - You have email responses to the specified search criteria Local Basketball Jerseys in the inbox
04-Dec-23 10:42:53 - You have email responses to the specified search criteria Local Basketball Jerseys in the outbox
04-Dec-23 10:45:56 - You have email responses to the specified search criteria local basketball jerseys in the inbox
04-Dec-23 10:50:16 - You have email responses to the specified search criteria local basketball jerseys in the inbox
04-Dec-23 11:07:56 - You have email responses to the specified search criteria local basketball jerseys in the inbox
04-Dec-23 12:45:00 - You have email responses to the specified search criteria local basketball jerseys in the inbox
04-Dec-23 14:50:14 - You have email responses to the specified search criteria local basketball jerseys in the inbox
04-Dec-23 15:13:57 - There are no responses to the specified emails search criteria Local Fall Basketball Jerseys in the inbox
04-Dec-23 15:15:18 - There are no responses to the specified emails search criteria Local Fall Basketball Jerseys in the inbox
04-Dec-23 15:15:34 - You have email responses to the specified search criteria Local Fall Basketball Jerseys in the inbox
04-Dec-23 15:17:57 - You have email responses to the specified search criteria Local Fall Basketball Jerseys in the inbox
04-Dec-23 19:56:28 - You have email responses to the specified search criteria Local Fall Basketball Jerseys in the inbox
04-Dec-23 19:57:37 - You have email responses to the specified search criteria Local Fall Basketball Jerseys in the inbox
04-Dec-23 19:58:29 - You have email responses to the specified search criteria Local Fall Basketball Jerseys in the inbox
04-Dec-23 19:58:39 - You have email responses to the specified search criteria Local Fall Basketball Jerseys in the inbox
04-Dec-23 19:59:13 - You have email responses to the specified search criteria Local Fall Basketball Jerseys in the inbox
04-Dec-23 19:59:30 - You have email responses to the specified search criteria Local Fall Basketball Jerseys in the inbox
04-Dec-23 19:59:44 - You have email responses to the specified search criteria Local Fall Basketball Jerseys in the inbox
04-Dec-23 20:01:01 - You have email responses to the specified search criteria Local Fall Basketball Jerseys in the inbox
04-Dec-23 20:01:51 - You have email responses to the specified search criteria Local Fall Basketball Jerseys in the inbox
04-Dec-23 20:02:13 - You have email responses to the specified search criteria Local Fall Basketball Jerseys in the inbox
04-Dec-23 20:02:42 - You have email responses to the specified search criteria Local Fall Basketball Jerseys in the inbox
04-Dec-23 20:03:47 - You have email responses to the specified search criteria Local Fall Basketball Jerseys in the inbox
04-Dec-23 20:05:58 - You have email responses to the specified search criteria Local Fall Basketball Jerseys in the inbox
04-Dec-23 20:07:07 - You have email responses to the specified search criteria Local Fall Basketball Jerseys in the outbox
04-Dec-23 20:20:45 - You have email responses to the specified search criteria Local Basketball Jerseys in the outbox
04-Dec-23 20:23:08 - You have email responses to the specified search criteria Local Fall Basketball Jerseys in the outbox
04-Dec-23 20:23:42 - You have email responses to the specified search criteria Local Fall Basketball Jerseys in the outbox
04-Dec-23 20:24:48 - You have email responses to the specified search criteria Local Fall Basketball Jerseys in the outbox
04-Dec-23 20:31:40 - You have email responses to the specified search criteria Local Basketball Jerseys in the outbox
04-Dec-23 20:33:06 - You have email responses to the specified search criteria Local Fall Basketball Jerseys in the outbox
04-Dec-23 20:48:07 - You have email responses to the specified search criteria Local Fall Basketball Jerseys in the outbox
04-Dec-23 20:48:11 - You have email responses to the specified search criteria Local Fall Basketball Jerseys in the outbox
04-Dec-23 20:48:18 - You have email responses to the specified search criteria Local Fall Basketball Jerseys in the outbox
04-Dec-23 20:50:43 - You have email responses to the specified search criteria Local Fall Basketball Jerseys in the outbox
04-Dec-23 20:54:03 - You have email responses to the specified search criteria Local Fall Basketball Jerseys in the inbox
04-Dec-23 20:54:04 - You have email responses to the specified search criteria Local Fall Basketball Jerseys in the outbox
04-Dec-23 21:18:39 - You have email responses to the specified search criteria Local Fall Basketball Jerseys in the inbox
04-Dec-23 21:18:40 - You have email responses to the specified search criteria Local Fall Basketball Jerseys in the outbox
04-Dec-23 21:20:49 - You have email responses to the specified search criteria Local Fall Basketball Jerseys in the inbox
04-Dec-23 21:20:51 - You have email responses to the specified search criteria Local Fall Basketball Jerseys in the outbox
04-Dec-23 21:36:20 - You have email responses to the specified search criteria Local Fall Basketball Jerseys in the inbox
04-Dec-23 21:36:21 - You have email responses to the specified search criteria Local Fall Basketball Jerseys in the outbox
04-Dec-23 21:37:07 - You have email responses to the specified search criteria Local Fall Basketball Jerseys in the inbox
04-Dec-23 21:37:08 - You have email responses to the specified search criteria Local Fall Basketball Jerseys in the outbox
04-Dec-23 21:39:27 - You have email responses to the specified search criteria Local Fall Basketball Jerseys in the inbox
04-Dec-23 21:39:28 - You have email responses to the specified search criteria Local Fall Basketball Jerseys in the outbox
04-Dec-23 21:42:53 - You have email responses to the specified search criteria Local Fall Basketball Jerseys in the inbox
04-Dec-23 21:42:54 - You have email responses to the specified search criteria Local Fall Basketball Jerseys in the outbox
