03-Jan-24 14:25:20 - 

New logging instance
03-Jan-24 14:25:21 - You have email responses to the specified search criteria Official in the inbox
03-Jan-24 14:26:41 - 

New logging instance
03-Jan-24 14:26:42 - You have email responses to the specified search criteria Official in the inbox
03-Jan-24 14:27:14 - 

New logging instance
03-Jan-24 14:27:15 - You have email responses to the specified search criteria Official in the inbox
03-Jan-24 16:52:52 - 

New logging instance
03-Jan-24 16:53:50 - 

New logging instance
03-Jan-24 16:53:51 - You have email responses to the specified search criteria Official in the inbox
03-Jan-24 16:54:14 - 

New logging instance
03-Jan-24 16:54:15 - You have email responses to the specified search criteria Official in the inbox
03-Jan-24 16:59:06 - 

New logging instance
03-Jan-24 16:59:07 - You have email responses to the specified search criteria Official in the inbox
03-Jan-24 17:15:24 - 

New logging instance
03-Jan-24 17:15:25 - You have email responses to the specified search criteria Local Fall Basketball Jerseys in the inbox
03-Jan-24 17:20:50 - 

New logging instance
03-Jan-24 17:20:51 - You have email responses to the specified search criteria Official in the inbox
03-Jan-24 17:34:23 - 

New logging instance
03-Jan-24 17:34:24 - You have email responses to the specified search criteria Official in the inbox
03-Jan-24 17:35:39 - 

New logging instance
03-Jan-24 17:35:41 - You have email responses to the specified search criteria Official in the inbox
03-Jan-24 17:47:46 - 

New logging instance
03-Jan-24 17:47:47 - You have email responses to the specified search criteria Official in the inbox
03-Jan-24 17:48:26 - 

New logging instance
03-Jan-24 17:48:27 - You have email responses to the specified search criteria Official in the inbox
03-Jan-24 17:50:39 - 

New logging instance
03-Jan-24 17:50:40 - You have email responses to the specified search criteria Official in the inbox
03-Jan-24 18:00:42 - 

New logging instance
03-Jan-24 18:00:43 - You have email responses to the specified search criteria Official in the inbox
03-Jan-24 18:10:00 - 

New logging instance
03-Jan-24 18:10:01 - You have email responses to the specified search criteria Official in the inbox
03-Jan-24 18:16:07 - 

New logging instance
03-Jan-24 18:16:09 - You have email responses to the specified search criteria Official in the inbox
03-Jan-24 19:11:23 - 

New logging instance
03-Jan-24 19:11:24 - You have email responses to the specified search criteria Official in the inbox
03-Jan-24 19:15:41 - 

New logging instance
03-Jan-24 19:15:42 - You have email responses to the specified search criteria Official in the inbox
03-Jan-24 19:17:21 - 

New logging instance
03-Jan-24 19:17:22 - You have email responses to the specified search criteria Official in the inbox
03-Jan-24 19:20:27 - 

New logging instance
03-Jan-24 19:20:28 - You have email responses to the specified search criteria Official in the inbox
03-Jan-24 19:23:42 - 

New logging instance
03-Jan-24 19:23:43 - You have email responses to the specified search criteria Official in the inbox
03-Jan-24 19:27:24 - 

New logging instance
03-Jan-24 19:27:26 - You have email responses to the specified search criteria Official in the inbox
03-Jan-24 19:29:14 - 

New logging instance
03-Jan-24 19:29:15 - You have email responses to the specified search criteria Official in the inbox
03-Jan-24 19:30:46 - 

New logging instance
03-Jan-24 19:30:47 - You have email responses to the specified search criteria Official in the inbox
03-Jan-24 20:44:47 - 

New logging instance
03-Jan-24 20:44:48 - You have email responses to the specified search criteria Official in the inbox
03-Jan-24 20:47:50 - 

New logging instance
03-Jan-24 20:47:51 - You have email responses to the specified search criteria Official in the inbox
03-Jan-24 20:50:45 - 

New logging instance
03-Jan-24 20:50:46 - You have email responses to the specified search criteria Official in the inbox
03-Jan-24 20:51:45 - 

New logging instance
03-Jan-24 20:51:46 - You have email responses to the specified search criteria Official in the inbox
03-Jan-24 20:59:22 - 

New logging instance
03-Jan-24 20:59:23 - You have email responses to the specified search criteria Official in the inbox
03-Jan-24 21:01:13 - 

New logging instance
03-Jan-24 21:01:14 - You have email responses to the specified search criteria Official in the inbox
03-Jan-24 21:02:14 - 

New logging instance
03-Jan-24 21:02:15 - You have email responses to the specified search criteria Official in the inbox
03-Jan-24 21:03:25 - 

New logging instance
03-Jan-24 21:03:26 - You have email responses to the specified search criteria Official in the inbox
03-Jan-24 21:06:39 - 

New logging instance
03-Jan-24 21:06:40 - You have email responses to the specified search criteria Official in the inbox
03-Jan-24 21:07:22 - 

New logging instance
03-Jan-24 21:07:23 - You have email responses to the specified search criteria Official in the inbox
03-Jan-24 21:08:02 - 

New logging instance
03-Jan-24 21:08:03 - You have email responses to the specified search criteria Official in the inbox
03-Jan-24 21:08:35 - 

New logging instance
03-Jan-24 21:08:36 - You have email responses to the specified search criteria Official in the inbox
03-Jan-24 21:14:38 - 

New logging instance
03-Jan-24 21:14:39 - You have email responses to the specified search criteria Official in the inbox
05-Jan-24 15:31:14 - 

New logging instance
05-Jan-24 15:31:16 - You have email responses to the specified search criteria Official in the inbox
05-Jan-24 15:31:39 - 

New logging instance
05-Jan-24 15:31:40 - You have email responses to the specified search criteria Official in the inbox
05-Jan-24 15:32:02 - 

New logging instance
05-Jan-24 15:32:04 - You have email responses to the specified search criteria Official in the inbox
05-Jan-24 15:33:27 - 

New logging instance
05-Jan-24 15:33:29 - You have email responses to the specified search criteria Official in the inbox
05-Jan-24 15:38:21 - 

New logging instance
05-Jan-24 15:38:23 - You have email responses to the specified search criteria Official in the inbox
05-Jan-24 15:41:20 - 

New logging instance
05-Jan-24 15:41:21 - You have email responses to the specified search criteria Official in the inbox
06-Jan-24 16:18:03 - 

New logging instance
06-Jan-24 16:18:04 - You have email responses to the specified search criteria Official in the inbox
06-Jan-24 16:18:30 - 

New logging instance
06-Jan-24 16:18:31 - You have email responses to the specified search criteria Official in the inbox
06-Jan-24 16:27:25 - 

New logging instance
06-Jan-24 16:27:26 - You have email responses to the specified search criteria Official in the inbox
08-Jan-24 11:36:24 - 

New logging instance
08-Jan-24 11:36:26 - You have email responses to the specified search criteria Official in the inbox
08-Jan-24 11:36:55 - 

New logging instance
08-Jan-24 11:36:56 - You have email responses to the specified search criteria Official in the inbox
08-Jan-24 11:51:53 - 

New logging instance
08-Jan-24 11:51:55 - You have email responses to the specified search criteria Official in the inbox
11-Jan-24 15:29:41 - 

New logging instance
11-Jan-24 15:29:43 - You have email responses to the specified search criteria Official in the inbox
11-Jan-24 15:31:25 - 

New logging instance
11-Jan-24 15:31:26 - You have email responses to the specified search criteria Official in the inbox
11-Jan-24 15:49:27 - 

New logging instance
11-Jan-24 15:49:28 - You have email responses to the specified search criteria Official in the inbox
11-Jan-24 15:51:24 - 

New logging instance
11-Jan-24 15:51:25 - You have email responses to the specified search criteria Official in the inbox
11-Jan-24 16:01:05 - 

New logging instance
11-Jan-24 16:01:07 - You have email responses to the specified search criteria Official in the inbox
11-Jan-24 16:21:35 - 

New logging instance
11-Jan-24 16:21:47 - You have email responses to the specified search criteria Official in the inbox
11-Jan-24 16:22:11 - 

New logging instance
11-Jan-24 16:22:23 - You have email responses to the specified search criteria Official in the inbox
11-Jan-24 16:27:47 - 

New logging instance
11-Jan-24 16:27:56 - You have email responses to the specified search criteria Official in the inbox
11-Jan-24 19:41:14 - 

New logging instance
11-Jan-24 19:41:33 - You have email responses to the specified search criteria Official in the inbox
11-Jan-24 20:01:25 - 

New logging instance
11-Jan-24 20:01:39 - You have email responses to the specified search criteria Official in the inbox
11-Jan-24 20:16:11 - 

New logging instance
11-Jan-24 20:16:12 - You have email responses to the specified search criteria Official in the inbox
11-Jan-24 20:19:12 - 

New logging instance
11-Jan-24 20:19:13 - You have email responses to the specified search criteria Official in the inbox
11-Jan-24 20:20:03 - 

New logging instance
11-Jan-24 20:20:04 - You have email responses to the specified search criteria Official in the inbox
11-Jan-24 20:20:53 - 

New logging instance
11-Jan-24 20:20:54 - You have email responses to the specified search criteria Official in the inbox
11-Jan-24 20:27:37 - 

New logging instance
11-Jan-24 20:27:39 - You have email responses to the specified search criteria Official in the inbox
11-Jan-24 20:28:47 - 

New logging instance
11-Jan-24 20:28:49 - You have email responses to the specified search criteria Official in the inbox
11-Jan-24 20:30:28 - 

New logging instance
11-Jan-24 20:30:30 - You have email responses to the specified search criteria Official in the inbox
11-Jan-24 20:46:39 - 

New logging instance
11-Jan-24 20:46:40 - You have email responses to the specified search criteria Official in the inbox
11-Jan-24 20:47:42 - 

New logging instance
11-Jan-24 20:47:43 - You have email responses to the specified search criteria Official in the inbox
14-Jan-24 14:53:59 - 

New logging instance
14-Jan-24 14:54:00 - You have email responses to the specified search criteria Official in the inbox
14-Jan-24 15:11:02 - 

New logging instance
14-Jan-24 15:11:03 - You have email responses to the specified search criteria Official in the inbox
14-Jan-24 15:16:47 - 

New logging instance
14-Jan-24 15:16:49 - You have email responses to the specified search criteria Official in the inbox
14-Jan-24 15:22:17 - 

New logging instance
14-Jan-24 15:22:18 - You have email responses to the specified search criteria Official in the inbox
14-Jan-24 15:23:05 - 

New logging instance
14-Jan-24 15:23:06 - You have email responses to the specified search criteria Official in the inbox
14-Jan-24 15:26:07 - 

New logging instance
14-Jan-24 15:26:08 - You have email responses to the specified search criteria Official in the inbox
14-Jan-24 15:26:32 - 

New logging instance
14-Jan-24 15:26:33 - You have email responses to the specified search criteria Official in the inbox
14-Jan-24 15:37:28 - 

New logging instance
14-Jan-24 15:37:29 - You have email responses to the specified search criteria Official in the inbox
14-Jan-24 16:34:13 - 

New logging instance
14-Jan-24 16:34:14 - You have email responses to the specified search criteria Official in the inbox
14-Jan-24 16:47:21 - 

New logging instance
14-Jan-24 16:47:22 - You have email responses to the specified search criteria Official in the inbox
15-Jan-24 09:35:01 - 

New logging instance
15-Jan-24 09:35:04 - 

New logging instance
15-Jan-24 09:35:05 - You have email responses to the specified search criteria Official in the inbox
15-Jan-24 09:38:47 - 

New logging instance
15-Jan-24 09:38:48 - You have email responses to the specified search criteria Official in the inbox
15-Jan-24 09:55:07 - 

New logging instance
15-Jan-24 09:55:08 - You have email responses to the specified search criteria Official in the inbox
15-Jan-24 09:55:14 - 

New logging instance
15-Jan-24 09:55:15 - You have email responses to the specified search criteria Official in the inbox
15-Jan-24 10:10:22 - 

New logging instance
15-Jan-24 10:10:34 - You have email responses to the specified search criteria Official in the outbox
15-Jan-24 10:13:05 - 

New logging instance
15-Jan-24 10:13:11 - You have email responses to the specified search criteria Official in the outbox
16-Jan-24 17:55:22 - 

New logging instance
16-Jan-24 17:55:32 - You have email responses to the specified search criteria Official in the outbox
16-Jan-24 17:56:28 - 

New logging instance
16-Jan-24 17:56:38 - You have email responses to the specified search criteria Official in the outbox
18-Jan-24 13:13:55 - 

New logging instance
18-Jan-24 13:13:57 - You have email responses to the specified search criteria Official in the inbox
18-Jan-24 13:13:59 - You have email responses to the specified search criteria Official in the outbox
18-Jan-24 13:14:47 - Connected (version 2.0, client OpenSSH_7.6p1)
18-Jan-24 13:14:47 - Authentication (password) successful!
18-Jan-24 20:41:01 - There are no responses to the specified emails search criteria Official in the outbox
18-Jan-24 20:41:02 - There are no responses to the specified emails search criteria Delivery Status Notification in the inbox
18-Jan-24 20:41:02 - 

New logging instance
18-Jan-24 20:41:03 - You have email responses to the specified search criteria Official in the inbox
18-Jan-24 20:41:06 - You have email responses to the specified search criteria Official in the outbox
01-Feb-24 19:52:01 - There are no responses to the specified emails search criteria Official in the outbox with a filter date of 01/31/2024
01-Feb-24 19:52:03 - There are no responses to the specified emails search criteria Delivery Status Notification in the inbox with a filter date of 01/31/2024
01-Feb-24 19:52:03 - 

New logging instance
01-Feb-24 19:52:04 - You have email responses to the specified search criteria Official in the inbox with a filter date of 11/15/2023
01-Feb-24 19:52:07 - You have email responses to the specified search criteria Official in the outbox with a filter date of 11/15/2023
05-Feb-24 16:22:37 - There are no responses to the specified emails search criteria Official in the outbox with a filter date of 02/04/2024
05-Feb-24 16:22:38 - There are no responses to the specified emails search criteria Delivery Status Notification in the inbox with a filter date of 02/04/2024
05-Feb-24 16:22:38 - 

New logging instance
05-Feb-24 16:22:39 - You have email responses to the specified search criteria Official in the inbox with a filter date of 11/15/2023
05-Feb-24 16:22:42 - You have email responses to the specified search criteria Official in the outbox with a filter date of 11/15/2023
05-Feb-24 16:37:58 - There are no responses to the specified emails search criteria Official in the outbox with a filter date of 02/04/2024
05-Feb-24 16:37:59 - There are no responses to the specified emails search criteria Delivery Status Notification in the inbox with a filter date of 02/04/2024
05-Feb-24 16:37:59 - 

New logging instance
05-Feb-24 16:38:01 - You have email responses to the specified search criteria Official in the inbox with a filter date of 11/15/2023
05-Feb-24 16:38:06 - You have email responses to the specified search criteria Official in the outbox with a filter date of 11/15/2023
05-Feb-24 16:53:54 - No new sent emails to append to email_history
05-Feb-24 16:54:07 - No new sent emails to append to email_history
05-Feb-24 16:58:27 - There are no responses to the specified emails search criteria Official in the outbox with a filter date of 02/04/2024
05-Feb-24 16:58:28 - There are no responses to the specified emails search criteria Delivery Status Notification in the inbox with a filter date of 02/04/2024
05-Feb-24 16:58:28 - 

New logging instance
05-Feb-24 16:58:29 - You have email responses to the specified search criteria Official in the inbox with a filter date of 11/15/2023
05-Feb-24 16:59:27 - You have email responses to the specified search criteria Official in the outbox with a filter date of 11/15/2023
05-Feb-24 17:07:53 - No new sent emails to append to email_history
05-Feb-24 17:08:33 - There are no responses to the specified emails search criteria Official in the outbox with a filter date of 02/04/2024
05-Feb-24 17:08:34 - There are no responses to the specified emails search criteria Delivery Status Notification in the inbox with a filter date of 02/04/2024
05-Feb-24 17:08:34 - 

New logging instance
05-Feb-24 17:08:35 - You have email responses to the specified search criteria Official in the inbox with a filter date of 11/15/2023
05-Feb-24 17:08:38 - You have email responses to the specified search criteria Official in the outbox with a filter date of 11/15/2023
05-Feb-24 17:11:23 - No new sent emails to append to email_history
05-Feb-24 17:12:10 - No new sent emails to append to email_history
05-Feb-24 17:12:10 - New records inserted - 3
05-Feb-24 17:12:10 - 0 threads have been updated
05-Feb-24 17:24:25 - No new sent emails to append to email_history
05-Feb-24 17:24:25 - New records inserted - 3
05-Feb-24 17:25:42 - No new sent emails to append to email_history
05-Feb-24 17:25:42 - New records inserted - 3
05-Feb-24 17:40:43 - No new sent emails to append to email_history
05-Feb-24 17:46:47 - No new sent emails to append to email_history
06-Feb-24 22:14:04 - 

New logging instance
06-Feb-24 22:14:05 - There are no responses to the specified emails search criteria Official in the outbox with a filter date of 02/05/2024
06-Feb-24 22:14:06 - There are no responses to the specified emails search criteria Delivery Status Notification in the inbox with a filter date of 02/05/2024
06-Feb-24 22:14:06 - No bad emails to update
06-Feb-24 22:14:07 - You have email responses to the specified search criteria Official in the inbox with a filter date of 11/15/2023
06-Feb-24 22:14:11 - You have email responses to the specified search criteria Official in the outbox with a filter date of 11/15/2023
06-Feb-24 22:50:25 - 

New logging instance
06-Feb-24 22:50:26 - There are no responses to the specified emails search criteria Official in the outbox with a filter date of 02/05/2024
06-Feb-24 22:50:27 - There are no responses to the specified emails search criteria Delivery Status Notification in the inbox with a filter date of 02/05/2024
06-Feb-24 22:50:27 - No bad emails to update
06-Feb-24 22:50:28 - You have email responses to the specified search criteria Official in the inbox with a filter date of 11/15/2023
06-Feb-24 22:50:31 - You have email responses to the specified search criteria Official in the outbox with a filter date of 11/15/2023
06-Feb-24 23:12:37 - 

New logging instance
06-Feb-24 23:12:38 - There are no responses to the specified emails search criteria Official in the outbox with a filter date of 02/05/2024
06-Feb-24 23:12:39 - There are no responses to the specified emails search criteria Delivery Status Notification in the inbox with a filter date of 02/05/2024
06-Feb-24 23:12:39 - No bad emails to update
06-Feb-24 23:12:40 - You have email responses to the specified search criteria Official in the inbox with a filter date of 11/15/2023
06-Feb-24 23:12:42 - You have email responses to the specified search criteria Official in the outbox with a filter date of 11/15/2023
06-Feb-24 23:19:07 - NumExpr defaulting to 8 threads.
06-Feb-24 23:19:08 - 

New logging instance
06-Feb-24 23:19:09 - There are no responses to the specified emails search criteria Official in the outbox with a filter date of 02/05/2024
06-Feb-24 23:19:10 - There are no responses to the specified emails search criteria Delivery Status Notification in the inbox with a filter date of 02/05/2024
06-Feb-24 23:19:10 - No bad emails to update
06-Feb-24 23:19:11 - You have email responses to the specified search criteria Official in the inbox with a filter date of 11/15/2023
06-Feb-24 23:19:14 - You have email responses to the specified search criteria Official in the outbox with a filter date of 11/15/2023
06-Feb-24 23:25:06 - NumExpr defaulting to 8 threads.
06-Feb-24 23:25:08 - 

New logging instance
06-Feb-24 23:25:09 - There are no responses to the specified emails search criteria Official in the outbox with a filter date of 02/05/2024
06-Feb-24 23:25:10 - There are no responses to the specified emails search criteria Delivery Status Notification in the inbox with a filter date of 02/05/2024
06-Feb-24 23:25:10 - No bad emails to update
06-Feb-24 23:25:12 - You have email responses to the specified search criteria Official in the inbox with a filter date of 11/15/2023
06-Feb-24 23:25:28 - You have email responses to the specified search criteria Official in the outbox with a filter date of 11/15/2023
06-Feb-24 23:28:27 - NumExpr defaulting to 8 threads.
06-Feb-24 23:28:30 - 

New logging instance
06-Feb-24 23:28:31 - There are no responses to the specified emails search criteria Official in the outbox with a filter date of 02/05/2024
06-Feb-24 23:28:32 - There are no responses to the specified emails search criteria Delivery Status Notification in the inbox with a filter date of 02/05/2024
06-Feb-24 23:28:32 - No bad emails to update
06-Feb-24 23:28:33 - You have email responses to the specified search criteria Official in the inbox with a filter date of 11/15/2023
06-Feb-24 23:28:46 - NumExpr defaulting to 8 threads.
06-Feb-24 23:28:49 - 

New logging instance
06-Feb-24 23:28:50 - There are no responses to the specified emails search criteria Official in the outbox with a filter date of 02/05/2024
06-Feb-24 23:28:51 - There are no responses to the specified emails search criteria Delivery Status Notification in the inbox with a filter date of 02/05/2024
06-Feb-24 23:28:51 - No bad emails to update
06-Feb-24 23:28:52 - You have email responses to the specified search criteria Official in the inbox with a filter date of 11/15/2023
06-Feb-24 23:28:54 - You have email responses to the specified search criteria Official in the outbox with a filter date of 11/15/2023
06-Feb-24 23:36:39 - NumExpr defaulting to 8 threads.
06-Feb-24 23:36:42 - 

New logging instance
06-Feb-24 23:36:43 - There are no responses to the specified emails search criteria Official in the outbox with a filter date of 02/05/2024
06-Feb-24 23:36:44 - There are no responses to the specified emails search criteria Delivery Status Notification in the inbox with a filter date of 02/05/2024
06-Feb-24 23:36:44 - No bad emails to update
06-Feb-24 23:36:45 - You have email responses to the specified search criteria Official in the inbox with a filter date of 11/15/2023
06-Feb-24 23:36:47 - You have email responses to the specified search criteria Official in the outbox with a filter date of 11/15/2023
06-Feb-24 23:40:19 - email_history is empty
06-Feb-24 23:41:57 - NumExpr defaulting to 8 threads.
06-Feb-24 23:42:00 - 

New logging instance
06-Feb-24 23:42:01 - There are no responses to the specified emails search criteria Official in the outbox with a filter date of 02/05/2024
06-Feb-24 23:42:02 - There are no responses to the specified emails search criteria Delivery Status Notification in the inbox with a filter date of 02/05/2024
06-Feb-24 23:42:02 - No bad emails to update
06-Feb-24 23:42:03 - You have email responses to the specified search criteria Official in the inbox with a filter date of 11/15/2023
06-Feb-24 23:42:06 - You have email responses to the specified search criteria Official in the outbox with a filter date of 11/15/2023
06-Feb-24 23:46:40 - email_history is empty sending over all rows
06-Feb-24 23:47:59 - 

New logging instance
06-Feb-24 23:48:00 - There are no responses to the specified emails search criteria Official in the outbox with a filter date of 02/05/2024
06-Feb-24 23:48:01 - There are no responses to the specified emails search criteria Delivery Status Notification in the inbox with a filter date of 02/05/2024
06-Feb-24 23:48:01 - No bad emails to update
06-Feb-24 23:48:02 - You have email responses to the specified search criteria Official in the inbox with a filter date of 11/15/2023
06-Feb-24 23:48:04 - You have email responses to the specified search criteria Official in the outbox with a filter date of 11/15/2023
06-Feb-24 23:50:47 - email_history is empty sending over all rows
07-Feb-24 15:34:28 - NumExpr defaulting to 8 threads.
07-Feb-24 15:34:31 - 

New logging instance
07-Feb-24 15:34:33 - There are no responses to the specified emails search criteria Official in the outbox with a filter date of 02/06/2024
07-Feb-24 15:34:34 - There are no responses to the specified emails search criteria Delivery Status Notification in the inbox with a filter date of 02/06/2024
07-Feb-24 15:34:34 - No bad emails to update
07-Feb-24 15:34:36 - You have email responses to the specified search criteria Official in the inbox with a filter date of 11/15/2023
07-Feb-24 15:34:39 - You have email responses to the specified search criteria Official in the outbox with a filter date of 11/15/2023
07-Feb-24 15:37:52 - email_history is empty sending over all rows
07-Feb-24 15:41:42 - No new sent emails to append to email_history
07-Feb-24 15:49:40 - 

New logging instance
07-Feb-24 15:49:42 - There are no responses to the specified emails search criteria Official in the outbox with a filter date of 02/06/2024
07-Feb-24 15:49:43 - There are no responses to the specified emails search criteria Delivery Status Notification in the inbox with a filter date of 02/06/2024
07-Feb-24 15:49:43 - No bad emails to update
07-Feb-24 15:49:44 - You have email responses to the specified search criteria Official in the inbox with a filter date of 11/15/2023
07-Feb-24 15:49:47 - You have email responses to the specified search criteria Official in the outbox with a filter date of 11/15/2023
07-Feb-24 16:01:27 - 

New logging instance
07-Feb-24 16:01:28 - There are no responses to the specified emails search criteria Official in the outbox with a filter date of 02/06/2024
07-Feb-24 16:01:29 - There are no responses to the specified emails search criteria Delivery Status Notification in the inbox with a filter date of 02/06/2024
07-Feb-24 16:01:29 - No bad emails to update
07-Feb-24 16:01:30 - You have email responses to the specified search criteria Official in the inbox with a filter date of 11/15/2023
07-Feb-24 16:01:33 - You have email responses to the specified search criteria Official in the outbox with a filter date of 11/15/2023
08-Feb-24 15:51:48 - NumExpr defaulting to 8 threads.
08-Feb-24 15:51:52 - 

New logging instance
08-Feb-24 15:51:53 - There are no responses to the specified emails search criteria Official in the outbox with a filter date of 02/07/2024
08-Feb-24 15:51:55 - There are no responses to the specified emails search criteria Delivery Status Notification in the inbox with a filter date of 02/07/2024
08-Feb-24 15:51:55 - No bad emails to update
08-Feb-24 15:51:56 - You have email responses to the specified search criteria Official in the inbox with a filter date of 11/15/2023
08-Feb-24 15:51:59 - You have email responses to the specified search criteria Official in the outbox with a filter date of 11/15/2023
08-Feb-24 15:56:09 - No new sent emails to append to email_history
08-Feb-24 15:56:57 - thread is empty sending over all rows
08-Feb-24 16:00:21 - thread is empty sending over all rows
08-Feb-24 16:02:02 - No new sent emails to append to email_history
08-Feb-24 16:02:02 - No new sent emails to append to email_history
08-Feb-24 16:22:16 - NumExpr defaulting to 8 threads.
08-Feb-24 16:22:17 - 

New logging instance
08-Feb-24 16:22:18 - There are no responses to the specified emails search criteria Official in the outbox with a filter date of 02/07/2024
08-Feb-24 16:22:19 - There are no responses to the specified emails search criteria Delivery Status Notification in the inbox with a filter date of 02/07/2024
08-Feb-24 16:22:19 - No bad emails to update
08-Feb-24 16:22:20 - You have email responses to the specified search criteria Official in the inbox with a filter date of 11/15/2023
08-Feb-24 16:22:23 - You have email responses to the specified search criteria Official in the outbox with a filter date of 11/15/2023
08-Feb-24 16:25:04 - No new sent emails to append to email_history
08-Feb-24 16:25:04 - No new sent emails to append to email_history
08-Feb-24 16:25:05 - 3 threads have been updated
08-Feb-24 16:26:28 - 3 threads have been updated
08-Feb-24 16:27:03 - 3 threads have been updated
08-Feb-24 16:27:17 - 3 threads have been updated
08-Feb-24 16:42:32 - 

New logging instance
08-Feb-24 16:42:33 - There are no responses to the specified emails search criteria Official in the outbox with a filter date of 02/07/2024
08-Feb-24 16:42:34 - There are no responses to the specified emails search criteria Delivery Status Notification in the inbox with a filter date of 02/07/2024
08-Feb-24 16:42:34 - No bad emails to update
08-Feb-24 16:42:35 - You have email responses to the specified search criteria Official in the inbox with a filter date of 11/15/2023
08-Feb-24 16:42:37 - You have email responses to the specified search criteria Official in the outbox with a filter date of 11/15/2023
08-Feb-24 16:44:02 - 

New logging instance
08-Feb-24 16:44:03 - There are no responses to the specified emails search criteria Official in the outbox with a filter date of 02/07/2024
08-Feb-24 16:44:04 - There are no responses to the specified emails search criteria Delivery Status Notification in the inbox with a filter date of 02/07/2024
08-Feb-24 16:44:04 - No bad emails to update
12-Feb-24 17:21:56 - NumExpr defaulting to 8 threads.
12-Feb-24 17:21:59 - 

New logging instance
12-Feb-24 17:22:00 - There are no responses to the specified emails search criteria Official MLB Jerseys in Stock!! in the outbox with a filter date of 02/11/2024
12-Feb-24 17:22:02 - There are no responses to the specified emails search criteria Delivery Status Notification in the inbox with a filter date of 02/11/2024
12-Feb-24 17:22:02 - No bad emails to update
12-Feb-24 17:22:02 - 

New logging instance
12-Feb-24 17:22:04 - There are no responses to the specified emails search criteria Official Nike MLB Jerseys In Stock!! in the outbox with a filter date of 02/11/2024
12-Feb-24 17:22:05 - There are no responses to the specified emails search criteria Delivery Status Notification in the inbox with a filter date of 02/11/2024
12-Feb-24 17:22:05 - No bad emails to update
12-Feb-24 17:22:05 - 

New logging instance
12-Feb-24 17:22:06 - There are no responses to the specified emails search criteria Official MLB Little League Nike Jerseys - IN STOCK!! in the outbox with a filter date of 02/11/2024
12-Feb-24 17:22:07 - There are no responses to the specified emails search criteria Delivery Status Notification in the inbox with a filter date of 02/11/2024
12-Feb-24 17:22:07 - No bad emails to update
12-Feb-24 17:22:08 - You have email responses to the specified search criteria Official in the inbox with a filter date of 11/15/2023
12-Feb-24 17:22:11 - You have email responses to the specified search criteria Official in the outbox with a filter date of 11/15/2023
12-Feb-24 17:24:53 - No new sent emails to append to email_history
12-Feb-24 17:24:54 - No new sent emails to append to email_history
