16-Feb-24 15:43:28 - NumExpr defaulting to 8 threads.
16-Feb-24 15:43:32 - 

New logging instance
16-Feb-24 15:43:33 - There are no responses to the specified emails search criteria Official MLB Jerseys in Stock!! in the outbox with a filter date of 02/15/2024
16-Feb-24 15:43:35 - There are no responses to the specified emails search criteria Delivery Status Notification in the inbox with a filter date of 02/15/2024
16-Feb-24 15:43:35 - No bad emails to update
16-Feb-24 15:43:35 - 

New logging instance
16-Feb-24 15:43:36 - There are no responses to the specified emails search criteria Official Nike MLB Jerseys In Stock!! in the outbox with a filter date of 02/15/2024
16-Feb-24 15:43:37 - There are no responses to the specified emails search criteria Delivery Status Notification in the inbox with a filter date of 02/15/2024
16-Feb-24 15:43:37 - No bad emails to update
16-Feb-24 15:43:37 - 

New logging instance
16-Feb-24 15:43:38 - There are no responses to the specified emails search criteria Official MLB Little League Nike Jerseys - IN STOCK!! in the outbox with a filter date of 02/15/2024
16-Feb-24 15:43:39 - There are no responses to the specified emails search criteria Delivery Status Notification in the inbox with a filter date of 02/15/2024
16-Feb-24 15:43:39 - No bad emails to update
16-Feb-24 15:43:40 - There are no responses to the specified emails search criteria Testing in the inbox with a filter date of 11/15/2023
16-Feb-24 15:43:41 - You have email responses to the specified search criteria Testing in the outbox with a filter date of 11/15/2023
16-Feb-24 15:47:36 - 

New logging instance
16-Feb-24 15:47:37 - There are no responses to the specified emails search criteria Official MLB Jerseys in Stock!! in the outbox with a filter date of 02/15/2024
16-Feb-24 15:47:38 - There are no responses to the specified emails search criteria Delivery Status Notification in the inbox with a filter date of 02/15/2024
16-Feb-24 15:47:38 - No bad emails to update
16-Feb-24 15:47:38 - 

New logging instance
16-Feb-24 15:47:39 - There are no responses to the specified emails search criteria Official Nike MLB Jerseys In Stock!! in the outbox with a filter date of 02/15/2024
16-Feb-24 15:47:40 - There are no responses to the specified emails search criteria Delivery Status Notification in the inbox with a filter date of 02/15/2024
16-Feb-24 15:47:40 - No bad emails to update
16-Feb-24 15:47:40 - 

New logging instance
16-Feb-24 15:47:41 - There are no responses to the specified emails search criteria Official MLB Little League Nike Jerseys - IN STOCK!! in the outbox with a filter date of 02/15/2024
16-Feb-24 15:47:42 - There are no responses to the specified emails search criteria Delivery Status Notification in the inbox with a filter date of 02/15/2024
16-Feb-24 15:47:42 - No bad emails to update
16-Feb-24 15:47:43 - There are no responses to the specified emails search criteria Testing in the inbox with a filter date of 11/15/2023
16-Feb-24 15:47:44 - You have email responses to the specified search criteria Testing in the outbox with a filter date of 11/15/2023
16-Feb-24 15:47:45 - Thread dataframe is empty
16-Feb-24 15:47:45 - No new sent emails to append to email_history
16-Feb-24 15:47:45 - Thread is an empty frame
19-Feb-24 13:38:50 - NumExpr defaulting to 8 threads.
19-Feb-24 13:38:52 - 

New logging instance
19-Feb-24 13:38:54 - There are no responses to the specified emails search criteria Official MLB Jerseys in Stock!! in the outbox with a filter date of 02/18/2024
19-Feb-24 13:38:55 - You have email responses to the specified search criteria Delivery Status Notification in the inbox with a filter date of 02/18/2024
19-Feb-24 13:38:55 - No bad emails to update
19-Feb-24 13:38:55 - 

New logging instance
19-Feb-24 13:38:56 - There are no responses to the specified emails search criteria Official Nike MLB Jerseys In Stock!! in the outbox with a filter date of 02/18/2024
19-Feb-24 13:38:57 - You have email responses to the specified search criteria Delivery Status Notification in the inbox with a filter date of 02/18/2024
19-Feb-24 13:38:57 - No bad emails to update
19-Feb-24 13:38:57 - 

New logging instance
19-Feb-24 13:38:58 - There are no responses to the specified emails search criteria Official MLB Little League Nike Jerseys - IN STOCK!! in the outbox with a filter date of 02/18/2024
19-Feb-24 13:38:59 - You have email responses to the specified search criteria Delivery Status Notification in the inbox with a filter date of 02/18/2024
19-Feb-24 13:38:59 - No bad emails to update
19-Feb-24 13:39:00 - There are no responses to the specified emails search criteria Testing in the inbox with a filter date of 11/15/2023
19-Feb-24 13:39:01 - You have email responses to the specified search criteria Testing in the outbox with a filter date of 11/15/2023
19-Feb-24 13:39:02 - Thread dataframe is empty
19-Feb-24 13:39:02 - No new sent emails to append to email_history
19-Feb-24 13:39:02 - Thread is an empty frame
19-Feb-24 19:46:49 - NumExpr defaulting to 8 threads.
19-Feb-24 19:47:32 - 

New logging instance
19-Feb-24 19:47:33 - There are no responses to the specified emails search criteria Official MLB Jerseys in Stock!! in the outbox with a filter date of 02/18/2024
19-Feb-24 19:47:34 - You have email responses to the specified search criteria Delivery Status Notification in the inbox with a filter date of 02/18/2024
19-Feb-24 19:47:34 - No bad emails to update
19-Feb-24 19:47:34 - 

New logging instance
19-Feb-24 19:47:35 - There are no responses to the specified emails search criteria Official Nike MLB Jerseys In Stock!! in the outbox with a filter date of 02/18/2024
19-Feb-24 19:47:36 - You have email responses to the specified search criteria Delivery Status Notification in the inbox with a filter date of 02/18/2024
19-Feb-24 19:47:37 - No bad emails to update
19-Feb-24 19:47:37 - 

New logging instance
19-Feb-24 19:47:37 - There are no responses to the specified emails search criteria Official MLB Little League Nike Jerseys - IN STOCK!! in the outbox with a filter date of 02/18/2024
19-Feb-24 19:47:38 - You have email responses to the specified search criteria Delivery Status Notification in the inbox with a filter date of 02/18/2024
19-Feb-24 19:47:39 - No bad emails to update
19-Feb-24 19:47:40 - There are no responses to the specified emails search criteria Testing in the inbox with a filter date of 11/15/2023
19-Feb-24 19:47:41 - You have email responses to the specified search criteria Testing in the outbox with a filter date of 11/15/2023
19-Feb-24 19:47:42 - Thread dataframe is empty
19-Feb-24 19:47:42 - No new sent emails to append to email_history
19-Feb-24 19:47:42 - Thread is an empty frame
20-Feb-24 14:14:53 - 

New logging instance
20-Feb-24 14:14:55 - There are no responses to the specified emails search criteria Official MLB Jerseys in Stock!! in the outbox with a filter date of 02/19/2024
20-Feb-24 14:14:56 - There are no responses to the specified emails search criteria Delivery Status Notification in the inbox with a filter date of 02/19/2024
20-Feb-24 14:14:56 - No bad emails to update
20-Feb-24 14:14:56 - 

New logging instance
20-Feb-24 14:14:57 - There are no responses to the specified emails search criteria Official Nike MLB Jerseys In Stock!! in the outbox with a filter date of 02/19/2024
20-Feb-24 14:14:59 - There are no responses to the specified emails search criteria Delivery Status Notification in the inbox with a filter date of 02/19/2024
20-Feb-24 14:14:59 - No bad emails to update
20-Feb-24 14:14:59 - 

New logging instance
20-Feb-24 14:15:00 - There are no responses to the specified emails search criteria Official MLB Little League Nike Jerseys - IN STOCK!! in the outbox with a filter date of 02/19/2024
20-Feb-24 14:15:01 - There are no responses to the specified emails search criteria Delivery Status Notification in the inbox with a filter date of 02/19/2024
20-Feb-24 14:15:01 - No bad emails to update
20-Feb-24 14:15:02 - You have email responses to the specified search criteria Official MLB Jerseys in the inbox with a filter date of 11/15/2023
20-Feb-24 14:15:07 - You have email responses to the specified search criteria Official MLB Jerseys in the outbox with a filter date of 11/15/2023
20-Feb-24 14:16:40 - 

New logging instance
20-Feb-24 14:16:41 - There are no responses to the specified emails search criteria Official MLB Jerseys in Stock!! in the outbox with a filter date of 02/19/2024
20-Feb-24 14:16:43 - There are no responses to the specified emails search criteria Delivery Status Notification in the inbox with a filter date of 02/19/2024
20-Feb-24 14:16:43 - No bad emails to update
20-Feb-24 14:16:43 - 

New logging instance
20-Feb-24 14:16:44 - There are no responses to the specified emails search criteria Official Nike MLB Jerseys In Stock!! in the outbox with a filter date of 02/19/2024
20-Feb-24 14:16:46 - There are no responses to the specified emails search criteria Delivery Status Notification in the inbox with a filter date of 02/19/2024
20-Feb-24 14:16:46 - No bad emails to update
20-Feb-24 14:16:46 - 

New logging instance
20-Feb-24 14:16:47 - There are no responses to the specified emails search criteria Official MLB Little League Nike Jerseys - IN STOCK!! in the outbox with a filter date of 02/19/2024
20-Feb-24 14:16:49 - There are no responses to the specified emails search criteria Delivery Status Notification in the inbox with a filter date of 02/19/2024
20-Feb-24 14:16:49 - No bad emails to update
20-Feb-24 14:16:50 - You have email responses to the specified search criteria Official MLB Jerseys in the inbox with a filter date of 2/01/2023
20-Feb-24 14:16:54 - You have email responses to the specified search criteria Official MLB Jerseys in the outbox with a filter date of 2/01/2023
20-Feb-24 14:22:54 - No new sent emails to append to email_history
20-Feb-24 14:22:55 - No new sent emails to append to email_history
20-Feb-24 14:22:55 - 3 threads have been updated
20-Feb-24 15:53:19 - NumExpr defaulting to 8 threads.
20-Feb-24 15:53:23 - 

New logging instance
20-Feb-24 15:53:24 - There are no responses to the specified emails search criteria Official MLB Jerseys in Stock!! in the outbox with a filter date of 02/19/2024
20-Feb-24 15:53:25 - There are no responses to the specified emails search criteria Delivery Status Notification in the inbox with a filter date of 02/19/2024
20-Feb-24 15:53:25 - No bad emails to update with a subject line of {subject_line}
20-Feb-24 15:53:25 - 

New logging instance
20-Feb-24 15:53:26 - There are no responses to the specified emails search criteria Official Nike MLB Jerseys In Stock!! in the outbox with a filter date of 02/19/2024
20-Feb-24 15:53:27 - There are no responses to the specified emails search criteria Delivery Status Notification in the inbox with a filter date of 02/19/2024
20-Feb-24 15:53:27 - No bad emails to update with a subject line of {subject_line}
20-Feb-24 15:53:27 - 

New logging instance
20-Feb-24 15:53:28 - There are no responses to the specified emails search criteria Official MLB Little League Nike Jerseys - IN STOCK!! in the outbox with a filter date of 02/19/2024
20-Feb-24 15:53:29 - There are no responses to the specified emails search criteria Delivery Status Notification in the inbox with a filter date of 02/19/2024
20-Feb-24 15:53:29 - No bad emails to update with a subject line of {subject_line}
20-Feb-24 15:53:31 - You have email responses to the specified search criteria Official MLB Jerseys in the inbox with a filter date of 2/01/2023
20-Feb-24 15:53:34 - You have email responses to the specified search criteria Official MLB Jerseys in the outbox with a filter date of 2/01/2023
20-Feb-24 15:57:21 - No new sent emails to append to email_history
20-Feb-24 15:57:21 - No new sent emails to append to email_history
20-Feb-24 15:57:21 - 3 threads have been updated
20-Feb-24 16:07:37 - NumExpr defaulting to 8 threads.
20-Feb-24 16:07:39 - 

New logging instance
20-Feb-24 16:07:40 - There are no responses to the specified emails search criteria Official MLB Jerseys in Stock!! in the outbox with a filter date of 02/19/2024
20-Feb-24 16:07:41 - There are no responses to the specified emails search criteria Delivery Status Notification in the inbox with a filter date of 02/19/2024
20-Feb-24 16:07:41 - No bad emails to update
20-Feb-24 16:07:41 - 

New logging instance
20-Feb-24 16:07:42 - There are no responses to the specified emails search criteria Official Nike MLB Jerseys In Stock!! in the outbox with a filter date of 02/19/2024
20-Feb-24 16:07:44 - There are no responses to the specified emails search criteria Delivery Status Notification in the inbox with a filter date of 02/19/2024
20-Feb-24 16:07:44 - No bad emails to update
20-Feb-24 16:07:44 - 

New logging instance
20-Feb-24 16:07:45 - There are no responses to the specified emails search criteria Official MLB Little League Nike Jerseys - IN STOCK!! in the outbox with a filter date of 02/19/2024
20-Feb-24 16:07:46 - There are no responses to the specified emails search criteria Delivery Status Notification in the inbox with a filter date of 02/19/2024
20-Feb-24 16:07:46 - No bad emails to update
20-Feb-24 16:07:47 - You have email responses to the specified search criteria Official MLB Jerseys in the inbox with a filter date of 2/01/2023
20-Feb-24 16:07:50 - You have email responses to the specified search criteria Official MLB Jerseys in the outbox with a filter date of 2/01/2023
20-Feb-24 16:11:26 - No new sent emails to append to email_history
20-Feb-24 16:11:27 - No new sent emails to append to email_history
20-Feb-24 16:11:27 - 3 threads have been updated
20-Feb-24 16:17:52 - 

New logging instance
20-Feb-24 16:17:53 - 
There are no responses to the specified emails search criteria Official MLB Jerseys in Stock!! in the outbox with a filter date of 02/19/2024
20-Feb-24 16:17:54 - 
There are no responses to the specified emails search criteria Delivery Status Notification in the inbox with a filter date of 02/19/2024
20-Feb-24 16:17:54 - No bad emails to update
20-Feb-24 16:17:54 - 

New logging instance
20-Feb-24 16:17:56 - 
There are no responses to the specified emails search criteria Official Nike MLB Jerseys In Stock!! in the outbox with a filter date of 02/19/2024
20-Feb-24 16:17:57 - 
There are no responses to the specified emails search criteria Delivery Status Notification in the inbox with a filter date of 02/19/2024
20-Feb-24 16:17:57 - No bad emails to update
20-Feb-24 16:17:57 - 

New logging instance
20-Feb-24 16:17:58 - 
There are no responses to the specified emails search criteria Official MLB Little League Nike Jerseys - IN STOCK!! in the outbox with a filter date of 02/19/2024
20-Feb-24 16:17:59 - 
There are no responses to the specified emails search criteria Delivery Status Notification in the inbox with a filter date of 02/19/2024
20-Feb-24 16:17:59 - No bad emails to update
20-Feb-24 16:17:59 - 

New logging instance
20-Feb-24 16:18:00 - You have email responses to the specified search criteria Official MLB Jerseys in the inbox with a filter date of 2/01/2023
20-Feb-24 16:18:03 - You have email responses to the specified search criteria Official MLB Jerseys in the outbox with a filter date of 2/01/2023
20-Feb-24 16:19:36 - NumExpr defaulting to 8 threads.
20-Feb-24 16:19:38 - 

New logging instance
20-Feb-24 16:19:39 - 
There are no responses to the specified emails search criteria Official MLB Jerseys in Stock!! in the outbox with a filter date of 02/19/2024
20-Feb-24 16:19:40 - 
There are no responses to the specified emails search criteria Delivery Status Notification in the inbox with a filter date of 02/19/2024
20-Feb-24 16:19:40 - No bad emails to update
20-Feb-24 16:19:40 - 

New logging instance
20-Feb-24 16:19:41 - 
There are no responses to the specified emails search criteria Official Nike MLB Jerseys In Stock!! in the outbox with a filter date of 02/19/2024
20-Feb-24 16:19:42 - 
There are no responses to the specified emails search criteria Delivery Status Notification in the inbox with a filter date of 02/19/2024
20-Feb-24 16:19:42 - No bad emails to update
20-Feb-24 16:19:42 - 

New logging instance
20-Feb-24 16:22:25 - NumExpr defaulting to 8 threads.
20-Feb-24 16:22:27 - 

New logging instance
20-Feb-24 16:22:29 - 
There are no responses to the specified emails search criteria Official MLB Jerseys in Stock!! in the outbox with a filter date of 02/19/2024
20-Feb-24 16:22:31 - 
There are no responses to the specified emails search criteria Delivery Status Notification in the inbox with a filter date of 02/19/2024
20-Feb-24 16:22:31 - No bad emails to update
20-Feb-24 16:22:31 - 

New logging instance
20-Feb-24 16:22:32 - 
There are no responses to the specified emails search criteria Official Nike MLB Jerseys In Stock!! in the outbox with a filter date of 02/19/2024
20-Feb-24 16:22:33 - 
There are no responses to the specified emails search criteria Delivery Status Notification in the inbox with a filter date of 02/19/2024
20-Feb-24 16:22:33 - No bad emails to update
20-Feb-24 16:22:33 - 

New logging instance
20-Feb-24 16:22:34 - 
There are no responses to the specified emails search criteria Official MLB Little League Nike Jerseys - IN STOCK!! in the outbox with a filter date of 02/19/2024
20-Feb-24 16:24:10 - 

New logging instance
20-Feb-24 16:24:11 - There are no responses to the specified emails search criteria Official MLB Jerseys in Stock!! in the outbox with a filter date of 02/19/2024
20-Feb-24 16:24:13 - There are no responses to the specified emails search criteria Delivery Status Notification in the inbox with a filter date of 02/19/2024
20-Feb-24 16:24:13 - No bad emails to update
20-Feb-24 16:24:13 - 

New logging instance
20-Feb-24 16:24:13 - There are no responses to the specified emails search criteria Official Nike MLB Jerseys In Stock!! in the outbox with a filter date of 02/19/2024
20-Feb-24 16:24:15 - There are no responses to the specified emails search criteria Delivery Status Notification in the inbox with a filter date of 02/19/2024
20-Feb-24 16:24:15 - No bad emails to update
20-Feb-24 16:24:15 - 

New logging instance
20-Feb-24 16:24:16 - There are no responses to the specified emails search criteria Official MLB Little League Nike Jerseys - IN STOCK!! in the outbox with a filter date of 02/19/2024
20-Feb-24 16:24:17 - There are no responses to the specified emails search criteria Delivery Status Notification in the inbox with a filter date of 02/19/2024
20-Feb-24 16:24:17 - No bad emails to update
20-Feb-24 16:24:19 - You have email responses to the specified search criteria Official MLB Jerseys in the inbox with a filter date of 2/01/2023
20-Feb-24 16:24:23 - You have email responses to the specified search criteria Official MLB Jerseys in the outbox with a filter date of 2/01/2023
20-Feb-24 16:28:44 - You have email responses to the specified search criteria Official MLB Jerseys in the inbox with a filter date of 2/01/2023
20-Feb-24 16:28:55 - You have email responses to the specified search criteria Official MLB Jerseys in the outbox with a filter date of 2/01/2023
20-Feb-24 16:30:20 - You have email responses to the specified search criteria Official MLB Jerseys in the outbox with a filter date of 02/01/2023
20-Feb-24 16:31:48 - You have email responses to the specified search criteria Official MLB Jerseys in the outbox with a filter date of 02/01/2023
20-Feb-24 16:32:15 - You have email responses to the specified search criteria Official MLB Jerseys in the outbox with a filter date of 02/18/2023
20-Feb-24 16:32:32 - You have email responses to the specified search criteria Official MLB Jerseys in the outbox with a filter date of 02/18/2023
20-Feb-24 16:33:06 - There are no responses to the specified emails search criteria Official MLB Jerseys in the outbox with a filter date of 02/18/2024
20-Feb-24 16:33:58 - 

New logging instance
20-Feb-24 16:33:59 - There are no responses to the specified emails search criteria Official MLB Jerseys in Stock!! in the outbox with a filter date of 02/19/2024
20-Feb-24 16:34:00 - There are no responses to the specified emails search criteria Delivery Status Notification in the inbox with a filter date of 02/19/2024
20-Feb-24 16:34:00 - No bad emails to update
20-Feb-24 16:34:00 - 

New logging instance
20-Feb-24 16:34:01 - There are no responses to the specified emails search criteria Official Nike MLB Jerseys In Stock!! in the outbox with a filter date of 02/19/2024
20-Feb-24 16:34:03 - There are no responses to the specified emails search criteria Delivery Status Notification in the inbox with a filter date of 02/19/2024
20-Feb-24 16:34:03 - No bad emails to update
20-Feb-24 16:34:03 - 

New logging instance
20-Feb-24 16:34:04 - There are no responses to the specified emails search criteria Official MLB Little League Nike Jerseys - IN STOCK!! in the outbox with a filter date of 02/19/2024
20-Feb-24 16:34:05 - There are no responses to the specified emails search criteria Delivery Status Notification in the inbox with a filter date of 02/19/2024
20-Feb-24 16:34:05 - No bad emails to update
20-Feb-24 16:34:06 - There are no responses to the specified emails search criteria Official MLB Jerseys in the inbox with a filter date of 2/01/2024
20-Feb-24 16:34:07 - There are no responses to the specified emails search criteria Official MLB Jerseys in the outbox with a filter date of 2/01/2024
20-Feb-24 16:35:07 - NumExpr defaulting to 8 threads.
20-Feb-24 16:35:10 - 

New logging instance
20-Feb-24 16:35:11 - There are no responses to the specified emails search criteria Official MLB Jerseys in Stock!! in the outbox with a filter date of 02/19/2024
20-Feb-24 16:35:12 - There are no responses to the specified emails search criteria Delivery Status Notification in the inbox with a filter date of 02/19/2024
20-Feb-24 16:35:12 - No bad emails to update
20-Feb-24 16:35:12 - 

New logging instance
20-Feb-24 16:35:13 - There are no responses to the specified emails search criteria Official Nike MLB Jerseys In Stock!! in the outbox with a filter date of 02/19/2024
20-Feb-24 16:35:14 - There are no responses to the specified emails search criteria Delivery Status Notification in the inbox with a filter date of 02/19/2024
20-Feb-24 16:35:14 - No bad emails to update
20-Feb-24 16:35:14 - 

New logging instance
20-Feb-24 16:35:15 - There are no responses to the specified emails search criteria Official MLB Little League Nike Jerseys - IN STOCK!! in the outbox with a filter date of 02/19/2024
20-Feb-24 16:35:17 - There are no responses to the specified emails search criteria Delivery Status Notification in the inbox with a filter date of 02/19/2024
20-Feb-24 16:35:17 - No bad emails to update
20-Feb-24 16:35:18 - There are no responses to the specified emails search criteria Official MLB Jerseys in the inbox with a filter date of 02/01/2024
20-Feb-24 16:35:19 - There are no responses to the specified emails search criteria Official MLB Jerseys in the outbox with a filter date of 02/01/2024
20-Feb-24 16:46:26 - NumExpr defaulting to 8 threads.
20-Feb-24 16:49:12 - 

New logging instance
20-Feb-24 16:49:13 - Prior Unique Subject Line There are no responses to the specified emails search criteria Official MLB Jerseys in Stock!! in the outbox with a filter date of 02/19/2024
20-Feb-24 16:49:14 - Prior Unique Subject Line There are no responses to the specified emails search criteria Delivery Status Notification in the inbox with a filter date of 02/19/2024
20-Feb-24 16:49:14 - No bad emails to update
20-Feb-24 16:49:14 - 

New logging instance
20-Feb-24 16:49:15 - Prior Unique Subject Line There are no responses to the specified emails search criteria Official Nike MLB Jerseys In Stock!! in the outbox with a filter date of 02/19/2024
20-Feb-24 16:49:16 - Prior Unique Subject Line There are no responses to the specified emails search criteria Delivery Status Notification in the inbox with a filter date of 02/19/2024
20-Feb-24 16:49:16 - No bad emails to update
20-Feb-24 16:49:16 - 

New logging instance
20-Feb-24 16:49:17 - Prior Unique Subject Line There are no responses to the specified emails search criteria Official MLB Little League Nike Jerseys - IN STOCK!! in the outbox with a filter date of 02/19/2024
20-Feb-24 16:49:18 - Prior Unique Subject Line There are no responses to the specified emails search criteria Delivery Status Notification in the inbox with a filter date of 02/19/2024
20-Feb-24 16:49:18 - No bad emails to update
20-Feb-24 16:49:19 - Current Subject Line There are no responses to the specified emails search criteria Official MLB Jerseys in the inbox with a filter date of 02/01/2024
20-Feb-24 16:49:19 - Current Subject Line There are no responses to the specified emails search criteria Official MLB Jerseys in the outbox with a filter date of 02/01/2024
20-Feb-24 16:51:14 - 

New logging instance
20-Feb-24 16:51:15 - Prior Unique Subject Line There are no responses to the specified emails search criteria Official MLB Jerseys in Stock!! in the outbox with a filter date of 02/19/2024
20-Feb-24 16:51:16 - Prior Unique Subject Line There are no responses to the specified emails search criteria Delivery Status Notification in the inbox with a filter date of 02/19/2024
20-Feb-24 16:51:16 - No bad emails to update
20-Feb-24 16:51:16 - 

New logging instance
20-Feb-24 16:51:17 - Prior Unique Subject Line There are no responses to the specified emails search criteria Official Nike MLB Jerseys In Stock!! in the outbox with a filter date of 02/19/2024
20-Feb-24 16:51:18 - Prior Unique Subject Line There are no responses to the specified emails search criteria Delivery Status Notification in the inbox with a filter date of 02/19/2024
20-Feb-24 16:51:18 - No bad emails to update
20-Feb-24 16:51:18 - 

New logging instance
20-Feb-24 16:51:18 - Prior Unique Subject Line There are no responses to the specified emails search criteria Official MLB Little League Nike Jerseys - IN STOCK!! in the outbox with a filter date of 02/19/2024
20-Feb-24 16:51:19 - Prior Unique Subject Line There are no responses to the specified emails search criteria Delivery Status Notification in the inbox with a filter date of 02/19/2024
20-Feb-24 16:51:19 - No bad emails to update
20-Feb-24 16:51:21 - Current Subject Line There are no responses to the specified emails search criteria Official MLB Jerseys in the inbox with a filter date of 02/01/2024
20-Feb-24 16:51:21 - Current Subject Line There are no responses to the specified emails search criteria Official MLB Jerseys in the outbox with a filter date of 02/01/2024
20-Feb-24 16:51:21 - Thread dataframe is empty
20-Feb-24 16:54:05 - 

New logging instance
20-Feb-24 16:54:06 - Prior Unique Subject Line There are no responses to the specified emails search criteria Official MLB Jerseys in Stock!! in the outbox with a filter date of 02/19/2024
20-Feb-24 16:54:07 - Prior Unique Subject Line There are no responses to the specified emails search criteria Delivery Status Notification in the inbox with a filter date of 02/19/2024
20-Feb-24 16:54:07 - No bad emails to update
20-Feb-24 16:54:07 - 

New logging instance
20-Feb-24 16:54:08 - Prior Unique Subject Line There are no responses to the specified emails search criteria Official Nike MLB Jerseys In Stock!! in the outbox with a filter date of 02/19/2024
20-Feb-24 16:54:09 - Prior Unique Subject Line There are no responses to the specified emails search criteria Delivery Status Notification in the inbox with a filter date of 02/19/2024
20-Feb-24 16:54:09 - No bad emails to update
20-Feb-24 16:54:09 - 

New logging instance
20-Feb-24 16:54:10 - Prior Unique Subject Line There are no responses to the specified emails search criteria Official MLB Little League Nike Jerseys - IN STOCK!! in the outbox with a filter date of 02/19/2024
20-Feb-24 16:54:11 - Prior Unique Subject Line There are no responses to the specified emails search criteria Delivery Status Notification in the inbox with a filter date of 02/19/2024
20-Feb-24 16:54:11 - No bad emails to update
20-Feb-24 16:54:12 - Current Subject Line There are no responses to the specified emails search criteria Official MLB Jerseys in the inbox with a filter date of 02/01/2024
20-Feb-24 16:54:13 - Current Subject Line There are no responses to the specified emails search criteria Official MLB Jerseys in the outbox with a filter date of 02/01/2024
20-Feb-24 16:54:13 - Thread dataframe is empty
20-Feb-24 16:54:13 - Outbox is an empty frame
20-Feb-24 16:54:13 - Thread is an empty frame
21-Feb-24 16:30:58 - NumExpr defaulting to 8 threads.
21-Feb-24 16:31:02 - 

New logging instance
21-Feb-24 16:31:03 - Prior Unique Subject Line There are no responses to the specified emails search criteria Official MLB Jerseys in Stock!! in the outbox with a filter date of 02/20/2024
21-Feb-24 16:31:04 - Prior Unique Subject Line There are no responses to the specified emails search criteria Delivery Status Notification in the inbox with a filter date of 02/20/2024
21-Feb-24 16:31:04 - No bad emails to update
21-Feb-24 16:31:04 - 

New logging instance
21-Feb-24 16:31:05 - Prior Unique Subject Line There are no responses to the specified emails search criteria Official Nike MLB Jerseys In Stock!! in the outbox with a filter date of 02/20/2024
21-Feb-24 16:31:06 - Prior Unique Subject Line There are no responses to the specified emails search criteria Delivery Status Notification in the inbox with a filter date of 02/20/2024
21-Feb-24 16:31:06 - No bad emails to update
21-Feb-24 16:31:06 - 

New logging instance
21-Feb-24 16:31:07 - Prior Unique Subject Line There are no responses to the specified emails search criteria Official MLB Little League Nike Jerseys - IN STOCK!! in the outbox with a filter date of 02/20/2024
21-Feb-24 16:31:08 - Prior Unique Subject Line There are no responses to the specified emails search criteria Delivery Status Notification in the inbox with a filter date of 02/20/2024
21-Feb-24 16:31:08 - No bad emails to update
21-Feb-24 16:31:09 - Current Subject Line There are no responses to the specified emails search criteria Official MLB Jerseys in the inbox with a filter date of 02/01/2024
21-Feb-24 16:31:10 - Current Subject Line You have email responses to the specified search criteria Official MLB Jerseys in the outbox with a filter date of 02/01/2024
21-Feb-24 16:31:10 - Thread dataframe is empty
21-Feb-24 16:31:10 - No new sent emails to append to email_history
21-Feb-24 16:31:10 - Thread is an empty frame
21-Feb-24 16:33:50 - NumExpr defaulting to 8 threads.
21-Feb-24 16:33:53 - 

New logging instance
21-Feb-24 16:33:54 - Prior Unique Subject Line There are no responses to the specified emails search criteria Official MLB Jerseys in Stock!! in the outbox with a filter date of 02/20/2024
21-Feb-24 16:33:55 - Prior Unique Subject Line There are no responses to the specified emails search criteria Delivery Status Notification in the inbox with a filter date of 02/20/2024
21-Feb-24 16:33:55 - No bad emails to update
21-Feb-24 16:33:55 - 

New logging instance
21-Feb-24 16:33:56 - Prior Unique Subject Line There are no responses to the specified emails search criteria Official Nike MLB Jerseys In Stock!! in the outbox with a filter date of 02/20/2024
21-Feb-24 16:33:57 - Prior Unique Subject Line There are no responses to the specified emails search criteria Delivery Status Notification in the inbox with a filter date of 02/20/2024
21-Feb-24 16:33:57 - No bad emails to update
21-Feb-24 16:33:57 - 

New logging instance
21-Feb-24 16:33:57 - Prior Unique Subject Line There are no responses to the specified emails search criteria Official MLB Little League Nike Jerseys - IN STOCK!! in the outbox with a filter date of 02/20/2024
21-Feb-24 16:33:59 - Prior Unique Subject Line There are no responses to the specified emails search criteria Delivery Status Notification in the inbox with a filter date of 02/20/2024
21-Feb-24 16:33:59 - No bad emails to update
21-Feb-24 16:41:02 - 

New logging instance
21-Feb-24 16:43:04 - 

New logging instance
21-Feb-24 16:43:05 - Prior Unique Subject Line There are no responses to the specified emails search criteria Official MLB Jerseys in Stock!! in the outbox with a filter date of 01/01/2024
21-Feb-24 16:43:06 - Prior Unique Subject Line You have email responses to the specified search criteria Delivery Status Notification in the inbox with a filter date of 01/01/2024
21-Feb-24 16:43:10 - No bad emails to update
21-Feb-24 16:43:10 - 

New logging instance
21-Feb-24 16:43:11 - Prior Unique Subject Line There are no responses to the specified emails search criteria Official Nike MLB Jerseys In Stock!! in the outbox with a filter date of 01/01/2024
21-Feb-24 16:43:12 - Prior Unique Subject Line You have email responses to the specified search criteria Delivery Status Notification in the inbox with a filter date of 01/01/2024
21-Feb-24 16:43:15 - No bad emails to update
21-Feb-24 16:43:15 - 

New logging instance
21-Feb-24 16:43:16 - Prior Unique Subject Line There are no responses to the specified emails search criteria Official MLB Little League Nike Jerseys - IN STOCK!! in the outbox with a filter date of 01/01/2024
21-Feb-24 16:43:17 - Prior Unique Subject Line You have email responses to the specified search criteria Delivery Status Notification in the inbox with a filter date of 01/01/2024
21-Feb-24 16:43:19 - No bad emails to update
21-Feb-24 16:44:06 - 

New logging instance
21-Feb-24 16:44:07 - Prior Unique Subject Line You have email responses to the specified search criteria Official MLB Jerseys in Stock!! in the outbox with a filter date of 11/01/2023
21-Feb-24 16:46:55 - Prior Unique Subject Line You have email responses to the specified search criteria Delivery Status Notification in the inbox with a filter date of 11/01/2023
21-Feb-24 16:47:40 - Updating bad emails table with 186 emails - subject line Official MLB Jerseys in Stock!!
21-Feb-24 16:47:40 - Connected (version 2.0, client OpenSSH_7.6p1)
21-Feb-24 16:47:40 - Authentication (password) successful!
21-Feb-24 16:47:48 - 

New logging instance
21-Feb-24 16:47:49 - Prior Unique Subject Line You have email responses to the specified search criteria Official Nike MLB Jerseys In Stock!! in the outbox with a filter date of 11/01/2023
21-Feb-24 16:47:51 - Prior Unique Subject Line You have email responses to the specified search criteria Delivery Status Notification in the inbox with a filter date of 11/01/2023
21-Feb-24 16:48:30 - Updating bad emails table with 0 emails - subject line Official Nike MLB Jerseys In Stock!!
21-Feb-24 16:48:30 - No bad emails to update
21-Feb-24 16:48:30 - 

New logging instance
21-Feb-24 16:48:31 - Prior Unique Subject Line You have email responses to the specified search criteria Official MLB Little League Nike Jerseys - IN STOCK!! in the outbox with a filter date of 11/01/2023
21-Feb-24 16:48:32 - Prior Unique Subject Line You have email responses to the specified search criteria Delivery Status Notification in the inbox with a filter date of 11/01/2023
21-Feb-24 16:49:06 - Updating bad emails table with 0 emails - subject line Official MLB Little League Nike Jerseys - IN STOCK!!
21-Feb-24 16:49:06 - No bad emails to update
21-Feb-24 16:56:28 - Current Subject Line There are no responses to the specified emails search criteria Official MLB Jerseys in the inbox with a filter date of 02/01/2024
21-Feb-24 16:56:29 - Current Subject Line You have email responses to the specified search criteria Official MLB Jerseys in the outbox with a filter date of 02/01/2024
21-Feb-24 16:56:29 - Thread dataframe is empty
21-Feb-24 16:56:29 - No new sent emails to append to email_history
21-Feb-24 16:56:29 - Thread is an empty frame
21-Feb-24 16:57:51 - 

New logging instance
21-Feb-24 16:57:52 - Current Subject Line There are no responses to the specified emails search criteria Official MLB Jerseys in the inbox with a filter date of 02/01/2024
21-Feb-24 16:57:53 - Current Subject Line You have email responses to the specified search criteria Official MLB Jerseys in the outbox with a filter date of 02/01/2024
21-Feb-24 16:57:54 - Thread dataframe is empty
21-Feb-24 16:57:54 - No new sent emails to append to email_history
21-Feb-24 16:57:54 - Thread is an empty frame
